<?xml version="1.0" encoding="UTF-8"?>
<coverage generated="1705343384024" clover="3.2.0">
  <project timestamp="1705343384024" name="All files">
    <metrics statements="10" coveredstatements="10" conditionals="0" coveredconditionals="0" methods="4" coveredmethods="4" elements="14" coveredelements="14" complexity="0" loc="10" ncloc="10" packages="1" files="4" classes="4"/>
    <file name="isPalindrome.js" path="/Users/malgorzatabrozek/Desktop/all/Code/intro-to-jest-testing/isPalindrome.js">
      <metrics statements="4" coveredstatements="4" conditionals="0" coveredconditionals="0" methods="1" coveredmethods="1"/>
      <line num="1" count="1" type="stmt"/>
      <line num="2" count="1" type="stmt"/>
      <line num="5" count="2" type="stmt"/>
      <line num="8" count="1" type="stmt"/>
    </file>
    <file name="reverseString.js" path="/Users/malgorzatabrozek/Desktop/all/Code/intro-to-jest-testing/reverseString.js">
      <metrics statements="2" coveredstatements="2" conditionals="0" coveredconditionals="0" methods="1" coveredmethods="1"/>
      <line num="2" count="3" type="stmt"/>
      <line num="9" count="2" type="stmt"/>
    </file>
    <file name="shallowObjClone.js" path="/Users/malgorzatabrozek/Desktop/all/Code/intro-to-jest-testing/shallowObjClone.js">
      <metrics statements="2" coveredstatements="2" conditionals="0" coveredconditionals="0" methods="1" coveredmethods="1"/>
      <line num="2" count="1" type="stmt"/>
      <line num="5" count="1" type="stmt"/>
    </file>
    <file name="sum.js" path="/Users/malgorzatabrozek/Desktop/all/Code/intro-to-jest-testing/sum.js">
      <metrics statements="2" coveredstatements="2" conditionals="0" coveredconditionals="0" methods="1" coveredmethods="1"/>
      <line num="2" count="1" type="stmt"/>
      <line num="5" count="1" type="stmt"/>
    </file>
  </project>
</coverage>
