{"/Users/malgorzatabrozek/Desktop/all/Code/intro-to-jest-testing/isPalindrome.js": {"path":"/Users/malgorzatabrozek/Desktop/all/Code/intro-to-jest-testing/isPalindrome.js","statementMap":{"0":{"start":{"line":1,"column":20},"end":{"line":1,"column":34}},"1":{"start":{"line":2,"column":22},"end":{"line":2,"column":48}},"2":{"start":{"line":5,"column":4},"end":{"line":5,"column":67}},"3":{"start":{"line":8,"column":0},"end":{"line":8,"column":30}}},"fnMap":{"0":{"name":"isPalindrome","decl":{"start":{"line":4,"column":9},"end":{"line":4,"column":21}},"loc":{"start":{"line":4,"column":29},"end":{"line":6,"column":1}},"line":4}},"branchMap":{},"s":{"0":1,"1":1,"2":2,"3":1},"f":{"0":2},"b":{},"_coverageSchema":"1a1c01bbd47fc00a2c39e90264f33305004495a9","hash":"f4451460d4eb6ac240b8241cd3de15cee9065769"}
,"/Users/malgorzatabrozek/Desktop/all/Code/intro-to-jest-testing/reverseString.js": {"path":"/Users/malgorzatabrozek/Desktop/all/Code/intro-to-jest-testing/reverseString.js","statementMap":{"0":{"start":{"line":2,"column":4},"end":{"line":6,"column":28}},"1":{"start":{"line":9,"column":0},"end":{"line":9,"column":31}}},"fnMap":{"0":{"name":"reverseString","decl":{"start":{"line":1,"column":9},"end":{"line":1,"column":22}},"loc":{"start":{"line":1,"column":30},"end":{"line":7,"column":1}},"line":1}},"branchMap":{},"s":{"0":3,"1":2},"f":{"0":3},"b":{},"_coverageSchema":"1a1c01bbd47fc00a2c39e90264f33305004495a9","hash":"73c826de36d506a77c68c7ebaf2a8aa8c93e5155"}
,"/Users/malgorzatabrozek/Desktop/all/Code/intro-to-jest-testing/shallowObjClone.js": {"path":"/Users/malgorzatabrozek/Desktop/all/Code/intro-to-jest-testing/shallowObjClone.js","statementMap":{"0":{"start":{"line":2,"column":4},"end":{"line":2,"column":21}},"1":{"start":{"line":5,"column":0},"end":{"line":5,"column":33}}},"fnMap":{"0":{"name":"shallowObjClone","decl":{"start":{"line":1,"column":9},"end":{"line":1,"column":24}},"loc":{"start":{"line":1,"column":31},"end":{"line":3,"column":1}},"line":1}},"branchMap":{},"s":{"0":1,"1":1},"f":{"0":1},"b":{},"_coverageSchema":"1a1c01bbd47fc00a2c39e90264f33305004495a9","hash":"8dae92913d7900a5b724994524349999ff4c4f1f"}
,"/Users/malgorzatabrozek/Desktop/all/Code/intro-to-jest-testing/sum.js": {"path":"/Users/malgorzatabrozek/Desktop/all/Code/intro-to-jest-testing/sum.js","statementMap":{"0":{"start":{"line":2,"column":4},"end":{"line":2,"column":17}},"1":{"start":{"line":5,"column":0},"end":{"line":5,"column":21}}},"fnMap":{"0":{"name":"sum","decl":{"start":{"line":1,"column":9},"end":{"line":1,"column":12}},"loc":{"start":{"line":1,"column":20},"end":{"line":3,"column":1}},"line":1}},"branchMap":{},"s":{"0":1,"1":1},"f":{"0":1},"b":{},"_coverageSchema":"1a1c01bbd47fc00a2c39e90264f33305004495a9","hash":"b6de4b6d676cf81a8092a8d898dddee48c80c914"}
}
